

Microchip MPLAB XC8 Assembler V2.32 build 20210201212658 
                                                                                               Tue Oct 17 17:35:03 2023

Microchip MPLAB XC8 C Compiler v2.32 (Free license) build 20210201212658 Og1 
     1                           	processor	16F628A
     2                           	pagewidth 120
     3                           	opt	flic
     4                           	psect	cinit,global,class=CODE,merge=1,delta=2
     5                           	psect	bssCOMMON,global,class=COMMON,space=1,delta=1,noexec
     6                           	psect	bssBANK0,global,class=BANK0,space=1,delta=1,noexec
     7                           	psect	clrtext,global,class=CODE,delta=2
     8                           	psect	cstackCOMMON,global,class=COMMON,space=1,delta=1,noexec
     9                           	psect	cstackBANK0,global,class=BANK0,space=1,delta=1,noexec
    10                           	psect	maintext,global,class=CODE,split=1,delta=2
    11                           	psect	text1,local,class=CODE,merge=1,delta=2
    12                           	psect	text2,local,class=CODE,merge=1,delta=2
    13                           	psect	text3,local,class=CODE,merge=1,delta=2
    14                           	psect	text4,local,class=CODE,merge=1,delta=2
    15                           	psect	text5,local,class=CODE,merge=1,inline,delta=2
    16                           	psect	text6,local,class=CODE,merge=1,inline,delta=2
    17                           	psect	text7,local,class=CODE,merge=1,delta=2,group=1
    18                           	psect	text8,local,class=CODE,merge=1,inline,delta=2
    19                           	psect	text9,local,class=CODE,merge=1,delta=2
    20                           	psect	intentry,global,class=CODE,delta=2
    21                           	psect	config,global,abs,ovrld,class=CONFIG,space=4,delta=2,noexec
    22                           	dabs	1,0x7E,2
    23  0000                     
    24                           ; Version 2.40
    25                           ; Generated 17/11/2021 GMT
    26                           ; 
    27                           ; Copyright © 2021, Microchip Technology Inc. and its subsidiaries ("Microchip")
    28                           ; All rights reserved.
    29                           ; 
    30                           ; This software is developed by Microchip Technology Inc. and its subsidiaries ("Microch
      +                          ip").
    31                           ; 
    32                           ; Redistribution and use in source and binary forms, with or without modification, are
    33                           ; permitted provided that the following conditions are met:
    34                           ; 
    35                           ;     1. Redistributions of source code must retain the above copyright notice, this lis
      +                          t of
    36                           ;        conditions and the following disclaimer.
    37                           ; 
    38                           ;     2. Redistributions in binary form must reproduce the above copyright notice, this 
      +                          list
    39                           ;        of conditions and the following disclaimer in the documentation and/or other
    40                           ;        materials provided with the distribution. Publication is not required when
    41                           ;        this file is used in an embedded application.
    42                           ; 
    43                           ;     3. Microchip's name may not be used to endorse or promote products derived from th
      +                          is
    44                           ;        software without specific prior written permission.
    45                           ; 
    46                           ; THIS SOFTWARE IS PROVIDED BY MICROCHIP "AS IS" AND ANY EXPRESS OR IMPLIED WARRANTIES,
    47                           ; INCLUDING, BUT NOT LIMITED TO, THE IMPLIED WARRANTIES OF MERCHANTABILITY AND FITNESS F
      +                          OR
    48                           ; PURPOSE ARE DISCLAIMED.  IN NO EVENT SHALL MICROCHIP BE LIABLE FOR ANY DIRECT, INDIREC
      +                          T,
    49                           ; INCIDENTAL, SPECIAL, EXEMPLARY, OR CONSEQUENTIAL DAMAGES (INCLUDING BUT NOT LIMITED TO
    50                           ; PROCUREMENT OF SUBSTITUTE GOODS OR SERVICES; LOSS OF USE, DATA OR PROFITS; OR BUSINESS
    51                           ; INTERRUPTION) HOWSOEVER CAUSED AND ON ANY THEORY OF LIABILITY, WHETHER IN CONTRACT, ST
      +                          RICT
    52                           ; LIABILITY, OR TORT (INCLUDING NEGLIGENCE OR OTHERWISE) ARISING IN ANY WAY OUT OF THE U
      +                          SE OF
    53                           ; THIS SOFTWARE, EVEN IF ADVISED OF THE POSSIBILITY OF SUCH DAMAGE.
    54                           ; 
    55                           ; 
    56                           ; Code-generator required, PIC16F628A Definitions
    57                           ; 
    58                           ; SFR Addresses
    59  0000                     	;# 
    60  0001                     	;# 
    61  0002                     	;# 
    62  0003                     	;# 
    63  0004                     	;# 
    64  0005                     	;# 
    65  0006                     	;# 
    66  000A                     	;# 
    67  000B                     	;# 
    68  000C                     	;# 
    69  000E                     	;# 
    70  000E                     	;# 
    71  000F                     	;# 
    72  0010                     	;# 
    73  0011                     	;# 
    74  0012                     	;# 
    75  0015                     	;# 
    76  0015                     	;# 
    77  0016                     	;# 
    78  0017                     	;# 
    79  0018                     	;# 
    80  0019                     	;# 
    81  001A                     	;# 
    82  001F                     	;# 
    83  0081                     	;# 
    84  0085                     	;# 
    85  0086                     	;# 
    86  008C                     	;# 
    87  008E                     	;# 
    88  0092                     	;# 
    89  0098                     	;# 
    90  0099                     	;# 
    91  009A                     	;# 
    92  009B                     	;# 
    93  009C                     	;# 
    94  009D                     	;# 
    95  009F                     	;# 
    96  0000                     	;# 
    97  0001                     	;# 
    98  0002                     	;# 
    99  0003                     	;# 
   100  0004                     	;# 
   101  0005                     	;# 
   102  0006                     	;# 
   103  000A                     	;# 
   104  000B                     	;# 
   105  000C                     	;# 
   106  000E                     	;# 
   107  000E                     	;# 
   108  000F                     	;# 
   109  0010                     	;# 
   110  0011                     	;# 
   111  0012                     	;# 
   112  0015                     	;# 
   113  0015                     	;# 
   114  0016                     	;# 
   115  0017                     	;# 
   116  0018                     	;# 
   117  0019                     	;# 
   118  001A                     	;# 
   119  001F                     	;# 
   120  0081                     	;# 
   121  0085                     	;# 
   122  0086                     	;# 
   123  008C                     	;# 
   124  008E                     	;# 
   125  0092                     	;# 
   126  0098                     	;# 
   127  0099                     	;# 
   128  009A                     	;# 
   129  009B                     	;# 
   130  009C                     	;# 
   131  009D                     	;# 
   132  009F                     	;# 
   133  0000                     	;# 
   134  0001                     	;# 
   135  0002                     	;# 
   136  0003                     	;# 
   137  0004                     	;# 
   138  0005                     	;# 
   139  0006                     	;# 
   140  000A                     	;# 
   141  000B                     	;# 
   142  000C                     	;# 
   143  000E                     	;# 
   144  000E                     	;# 
   145  000F                     	;# 
   146  0010                     	;# 
   147  0011                     	;# 
   148  0012                     	;# 
   149  0015                     	;# 
   150  0015                     	;# 
   151  0016                     	;# 
   152  0017                     	;# 
   153  0018                     	;# 
   154  0019                     	;# 
   155  001A                     	;# 
   156  001F                     	;# 
   157  0081                     	;# 
   158  0085                     	;# 
   159  0086                     	;# 
   160  008C                     	;# 
   161  008E                     	;# 
   162  0092                     	;# 
   163  0098                     	;# 
   164  0099                     	;# 
   165  009A                     	;# 
   166  009B                     	;# 
   167  009C                     	;# 
   168  009D                     	;# 
   169  009F                     	;# 
   170  0000                     	;# 
   171  0001                     	;# 
   172  0002                     	;# 
   173  0003                     	;# 
   174  0004                     	;# 
   175  0005                     	;# 
   176  0006                     	;# 
   177  000A                     	;# 
   178  000B                     	;# 
   179  000C                     	;# 
   180  000E                     	;# 
   181  000E                     	;# 
   182  000F                     	;# 
   183  0010                     	;# 
   184  0011                     	;# 
   185  0012                     	;# 
   186  0015                     	;# 
   187  0015                     	;# 
   188  0016                     	;# 
   189  0017                     	;# 
   190  0018                     	;# 
   191  0019                     	;# 
   192  001A                     	;# 
   193  001F                     	;# 
   194  0081                     	;# 
   195  0085                     	;# 
   196  0086                     	;# 
   197  008C                     	;# 
   198  008E                     	;# 
   199  0092                     	;# 
   200  0098                     	;# 
   201  0099                     	;# 
   202  009A                     	;# 
   203  009B                     	;# 
   204  009C                     	;# 
   205  009D                     	;# 
   206  009F                     	;# 
   207  0005                     _PORTA	set	5
   208  0001                     _TMR0	set	1
   209  000B                     _INTCONbits	set	11
   210  0006                     _PORTB	set	6
   211  0081                     _OPTION_REGbits	set	129
   212  008E                     _PCONbits	set	142
   213  0086                     _TRISB	set	134
   214  0085                     _TRISA	set	133
   215                           
   216                           	psect	cinit
   217  000B                     start_initialization:	
   218                           ; #config settings
   219                           
   220  000B                     __initialization:
   221                           
   222                           ; Clear objects allocated to COMMON
   223  000B  01F8               	clrf	__pbssCOMMON& (0+127)
   224  000C  01F9               	clrf	(__pbssCOMMON+1)& (0+127)
   225  000D  01FA               	clrf	(__pbssCOMMON+2)& (0+127)
   226                           
   227                           ; Clear objects allocated to BANK0
   228  000E  1383               	bcf	3,7	;select IRP bank0
   229  000F  3020               	movlw	low __pbssBANK0
   230  0010  0084               	movwf	4
   231  0011  3062               	movlw	low (__pbssBANK0+66)
   232  0012  220A               	fcall	clear_ram0
   233  0013                     end_of_initialization:	
   234                           ;End of C runtime variable initialization code
   235                           
   236  0013                     __end_of__initialization:
   237  0013  0183               	clrf	3
   238  0014  29DC               	ljmp	_main	;jump to C main() function
   239                           
   240                           	psect	bssCOMMON
   241  0078                     __pbssCOMMON:
   242  0078                     _muda:
   243  0078                     	ds	1
   244  0079                     _counter_100ms:
   245  0079                     	ds	1
   246  007A                     _PortA_extra:
   247  007A                     	ds	1
   248                           
   249                           	psect	bssBANK0
   250  0020                     __pbssBANK0:
   251  0020                     _Pino:
   252  0020                     	ds	66
   253                           
   254                           	psect	clrtext
   255  020A                     clear_ram0:	
   256                           ;	Called with FSR containing the base address, and
   257                           ;	W with the last address+1
   258                           
   259  020A  0064               	clrwdt	;clear the watchdog before getting into this loop
   260  020B                     clrloop0:
   261  020B  0180               	clrf	0	;clear RAM location pointed to by FSR
   262  020C  0A84               	incf	4,f	;increment pointer
   263  020D  0604               	xorwf	4,w	;XOR with final address
   264  020E  1903               	btfsc	3,2	;have we reached the end yet?
   265  020F  3400               	retlw	0	;all done for this memory range, return
   266  0210  0604               	xorwf	4,w	;XOR again to restore value
   267  0211  2A0B               	goto	clrloop0	;do the next byte
   268                           
   269                           	psect	cstackCOMMON
   270  0070                     __pcstackCOMMON:
   271  0070                     ?_Task_Saida:
   272  0070                     ?_Inicializar_Hardware:	
   273                           ; 1 bytes @ 0x0
   274                           
   275  0070                     ?_Init_Osc:	
   276                           ; 1 bytes @ 0x0
   277                           
   278  0070                     ?_Init_Timer:	
   279                           ; 1 bytes @ 0x0
   280                           
   281  0070                     ?_Init_Saidas:	
   282                           ; 1 bytes @ 0x0
   283                           
   284  0070                     ?_acionaSaida:	
   285                           ; 1 bytes @ 0x0
   286                           
   287  0070                     ?_interruptsManager:	
   288                           ; 1 bytes @ 0x0
   289                           
   290  0070                     ??_interruptsManager:	
   291                           ; 1 bytes @ 0x0
   292                           
   293  0070                     ?_tempo100_ms:	
   294                           ; 1 bytes @ 0x0
   295                           
   296  0070                     ?_main:	
   297                           ; 1 bytes @ 0x0
   298                           
   299                           
   300                           ; 1 bytes @ 0x0
   301  0070                     	ds	3
   302  0073                     ??_Init_Osc:
   303  0073                     ??_Init_Timer:	
   304                           ; 1 bytes @ 0x3
   305                           
   306  0073                     ??_acionaSaida:	
   307                           ; 1 bytes @ 0x3
   308                           
   309  0073                     ?___bmul:	
   310                           ; 1 bytes @ 0x3
   311                           
   312  0073                     ___bmul@multiplicand:	
   313                           ; 1 bytes @ 0x3
   314                           
   315                           
   316                           ; 1 bytes @ 0x3
   317  0073                     	ds	1
   318  0074                     ??___bmul:
   319                           
   320                           ; 1 bytes @ 0x4
   321  0074                     	ds	1
   322  0075                     ___bmul@product:
   323                           
   324                           ; 1 bytes @ 0x5
   325  0075                     	ds	1
   326  0076                     acionaSaida@pino:
   327  0076                     ___bmul@multiplier:	
   328                           ; 1 bytes @ 0x6
   329                           
   330                           
   331                           ; 1 bytes @ 0x6
   332  0076                     	ds	1
   333  0077                     Init_Saidas@i:
   334  0077                     Task_Saida@i:	
   335                           ; 1 bytes @ 0x7
   336                           
   337                           
   338                           ; 1 bytes @ 0x7
   339  0077                     	ds	1
   340  0078                     ??_Inicializar_Hardware:
   341  0078                     ??_tempo100_ms:	
   342                           ; 1 bytes @ 0x8
   343                           
   344                           
   345                           	psect	cstackBANK0
   346  0062                     __pcstackBANK0:	
   347                           ; 1 bytes @ 0x8
   348                           
   349  0062                     ??_Task_Saida:
   350  0062                     ??_Init_Saidas:	
   351                           ; 1 bytes @ 0x0
   352                           
   353                           
   354                           ; 1 bytes @ 0x0
   355  0062                     	ds	6
   356  0068                     ??_main:
   357                           
   358                           ; 1 bytes @ 0x6
   359  0068                     	ds	1
   360                           
   361                           	psect	maintext
   362  01DC                     __pmaintext:	
   363 ;;
   364 ;;Main: autosize = 0, tempsize = 1, incstack = 0, save=0
   365 ;;
   366 ;; *************** function _main *****************
   367 ;; Defined at:
   368 ;;		line 30 in file "main.c"
   369 ;; Parameters:    Size  Location     Type
   370 ;;		None
   371 ;; Auto vars:     Size  Location     Type
   372 ;;		None
   373 ;; Return value:  Size  Location     Type
   374 ;;                  1    wreg      void 
   375 ;; Registers used:
   376 ;;		wreg, fsr0l, fsr0h, status,2, status,0, btemp+1, pclath, cstack
   377 ;; Tracked objects:
   378 ;;		On entry : B00/0
   379 ;;		On exit  : 0/0
   380 ;;		Unchanged: 0/0
   381 ;; Data sizes:     COMMON   BANK0   BANK1   BANK2
   382 ;;      Params:         0       0       0       0
   383 ;;      Locals:         0       0       0       0
   384 ;;      Temps:          0       1       0       0
   385 ;;      Totals:         0       1       0       0
   386 ;;Total ram usage:        1 bytes
   387 ;; Hardware stack levels required when called: 4
   388 ;; This function calls:
   389 ;;		_Inicializar_Hardware
   390 ;;		_tempo100_ms
   391 ;; This function is called by:
   392 ;;		Startup code after reset
   393 ;; This function uses a non-reentrant model
   394 ;;
   395                           
   396                           
   397                           ;psect for function _main
   398  01DC                     _main:
   399  01DC                     l1007:	
   400                           ;incstack = 0
   401                           ; Regs used in _main: [wreg-fsr0h+status,2+status,0+btemp+1+pclath+cstack]
   402                           
   403                           
   404                           ;main.c: 31:     Inicializar_Hardware();
   405  01DC  2212               	fcall	_Inicializar_Hardware
   406  01DD                     l1009:
   407                           
   408                           ;main.c: 32:     _delay((unsigned long)((10)*(4000000/4000000.0)));
   409  01DD  3002               	movlw	2
   410  01DE  1283               	bcf	3,5	;RP0=0, select bank0
   411  01DF  1303               	bcf	3,6	;RP1=0, select bank0
   412  01E0  00E8               	movwf	??_main
   413  01E1                     u197:
   414  01E1  0BE8               	decfsz	??_main,f
   415  01E2  29E1               	goto	u197
   416  01E3  29E4               	nop2
   417  01E4                     l1011:
   418                           
   419                           ;main.c: 34:         if (counter_100ms >= 100) {
   420  01E4  3064               	movlw	100
   421  01E5  0279               	subwf	_counter_100ms,w
   422  01E6  1C03               	skipc
   423  01E7  29E9               	goto	u181
   424  01E8  29EA               	goto	u180
   425  01E9                     u181:
   426  01E9  29E4               	goto	l1011
   427  01EA                     u180:
   428  01EA                     l1013:
   429                           
   430                           ;main.c: 35:             tempo100_ms();
   431  01EA  2218               	fcall	_tempo100_ms
   432  01EB                     l1015:
   433                           
   434                           ;main.c: 36:             counter_100ms = 0;
   435  01EB  01F9               	clrf	_counter_100ms
   436  01EC  29E4               	goto	l1011
   437  01ED  280A               	ljmp	start
   438  01EE                     __end_of_main:
   439                           
   440                           	psect	text1
   441  0218                     __ptext1:	
   442 ;; *************** function _tempo100_ms *****************
   443 ;; Defined at:
   444 ;;		line 23 in file "main.c"
   445 ;; Parameters:    Size  Location     Type
   446 ;;		None
   447 ;; Auto vars:     Size  Location     Type
   448 ;;		None
   449 ;; Return value:  Size  Location     Type
   450 ;;                  1    wreg      void 
   451 ;; Registers used:
   452 ;;		wreg, fsr0l, fsr0h, status,2, status,0, btemp+1, pclath, cstack
   453 ;; Tracked objects:
   454 ;;		On entry : 0/0
   455 ;;		On exit  : 0/0
   456 ;;		Unchanged: 0/0
   457 ;; Data sizes:     COMMON   BANK0   BANK1   BANK2
   458 ;;      Params:         0       0       0       0
   459 ;;      Locals:         0       0       0       0
   460 ;;      Temps:          0       0       0       0
   461 ;;      Totals:         0       0       0       0
   462 ;;Total ram usage:        0 bytes
   463 ;; Hardware stack levels used: 1
   464 ;; Hardware stack levels required when called: 3
   465 ;; This function calls:
   466 ;;		_Task_Saida
   467 ;; This function is called by:
   468 ;;		_main
   469 ;; This function uses a non-reentrant model
   470 ;;
   471                           
   472                           
   473                           ;psect for function _tempo100_ms
   474  0218                     _tempo100_ms:
   475  0218                     l987:	
   476                           ;incstack = 0
   477                           ; Regs used in _tempo100_ms: [wreg-fsr0h+status,2+status,0+btemp+1+pclath+cstack]
   478                           
   479                           
   480                           ;main.c: 24:     Task_Saida();
   481  0218  2015               	fcall	_Task_Saida
   482  0219                     l23:
   483  0219  0008               	return
   484  021A                     __end_of_tempo100_ms:
   485                           
   486                           	psect	text2
   487  0015                     __ptext2:	
   488 ;; *************** function _Task_Saida *****************
   489 ;; Defined at:
   490 ;;		line 80 in file "Saida.c"
   491 ;; Parameters:    Size  Location     Type
   492 ;;		None
   493 ;; Auto vars:     Size  Location     Type
   494 ;;  i               1    7[COMMON] unsigned char 
   495 ;; Return value:  Size  Location     Type
   496 ;;                  1    wreg      void 
   497 ;; Registers used:
   498 ;;		wreg, fsr0l, fsr0h, status,2, status,0, btemp+1, pclath, cstack
   499 ;; Tracked objects:
   500 ;;		On entry : 0/0
   501 ;;		On exit  : 0/0
   502 ;;		Unchanged: 0/0
   503 ;; Data sizes:     COMMON   BANK0   BANK1   BANK2
   504 ;;      Params:         0       0       0       0
   505 ;;      Locals:         1       0       0       0
   506 ;;      Temps:          0       6       0       0
   507 ;;      Totals:         1       6       0       0
   508 ;;Total ram usage:        7 bytes
   509 ;; Hardware stack levels used: 1
   510 ;; Hardware stack levels required when called: 2
   511 ;; This function calls:
   512 ;;		___bmul
   513 ;;		_acionaSaida
   514 ;; This function is called by:
   515 ;;		_tempo100_ms
   516 ;; This function uses a non-reentrant model
   517 ;;
   518                           
   519                           
   520                           ;psect for function _Task_Saida
   521  0015                     _Task_Saida:
   522  0015                     l873:	
   523                           ;incstack = 0
   524                           ; Regs used in _Task_Saida: [wreg-fsr0h+status,2+status,0+btemp+1+pclath+cstack]
   525                           
   526                           
   527                           ;Saida.c: 81:     uint8_t i = 0;
   528  0015  01F7               	clrf	Task_Saida@i
   529                           
   530                           ;Saida.c: 82:     for (i = 0; i < 6; i++) {
   531  0016  01F7               	clrf	Task_Saida@i
   532  0017                     l879:
   533                           
   534                           ;Saida.c: 83:         if (Pino[i].ultimoTempo <= 0) {
   535  0017  300B               	movlw	11
   536  0018  1283               	bcf	3,5	;RP0=0, select bank0
   537  0019  1303               	bcf	3,6	;RP1=0, select bank0
   538  001A  00E2               	movwf	??_Task_Saida
   539  001B  0862               	movf	??_Task_Saida,w
   540  001C  00F3               	movwf	___bmul@multiplicand
   541  001D  0877               	movf	Task_Saida@i,w
   542  001E  21C7               	fcall	___bmul
   543  001F  3E29               	addlw	(low ((_Pino| 0+9)))& (0+255)
   544  0020  0084               	movwf	4
   545  0021  1383               	bcf	3,7	;select IRP bank0
   546  0022  0800               	movf	0,w
   547  0023  1283               	bcf	3,5	;RP0=0, select bank0
   548  0024  1303               	bcf	3,6	;RP1=0, select bank0
   549  0025  00E3               	movwf	??_Task_Saida+1
   550  0026  0A84               	incf	4,f
   551  0027  0800               	movf	0,w
   552  0028  00E4               	movwf	??_Task_Saida+2
   553  0029  0864               	movf	??_Task_Saida+2,w
   554  002A  3A80               	xorlw	128
   555  002B  00FF               	movwf	btemp+1
   556  002C  3080               	movlw	128
   557  002D  027F               	subwf	btemp+1,w
   558  002E  1D03               	skipz
   559  002F  2832               	goto	u135
   560  0030  3001               	movlw	1
   561  0031  0263               	subwf	??_Task_Saida+1,w
   562  0032                     u135:
   563  0032  1803               	skipnc
   564  0033  2835               	goto	u131
   565  0034  2836               	goto	u130
   566  0035                     u131:
   567  0035  2895               	goto	l889
   568  0036                     u130:
   569  0036                     l881:
   570                           
   571                           ;Saida.c: 84:             Pino[i].ultimoTempo = Pino[i].tempoTroca;
   572  0036  300B               	movlw	11
   573  0037  1283               	bcf	3,5	;RP0=0, select bank0
   574  0038  1303               	bcf	3,6	;RP1=0, select bank0
   575  0039  00E2               	movwf	??_Task_Saida
   576  003A  0862               	movf	??_Task_Saida,w
   577  003B  00F3               	movwf	___bmul@multiplicand
   578  003C  0877               	movf	Task_Saida@i,w
   579  003D  21C7               	fcall	___bmul
   580  003E  3E25               	addlw	(low ((_Pino| 0+5)))& (0+255)
   581  003F  0084               	movwf	4
   582  0040  1383               	bcf	3,7	;select IRP bank0
   583  0041  0800               	movf	0,w
   584  0042  1283               	bcf	3,5	;RP0=0, select bank0
   585  0043  1303               	bcf	3,6	;RP1=0, select bank0
   586  0044  00E3               	movwf	??_Task_Saida+1
   587  0045  0A84               	incf	4,f
   588  0046  0800               	movf	0,w
   589  0047  00E4               	movwf	??_Task_Saida+2
   590  0048  300B               	movlw	11
   591  0049  00E5               	movwf	??_Task_Saida+3
   592  004A  0865               	movf	??_Task_Saida+3,w
   593  004B  00F3               	movwf	___bmul@multiplicand
   594  004C  0877               	movf	Task_Saida@i,w
   595  004D  21C7               	fcall	___bmul
   596  004E  3E29               	addlw	(low ((_Pino| 0+9)))& (0+255)
   597  004F  0084               	movwf	4
   598  0050  1283               	bcf	3,5	;RP0=0, select bank0
   599  0051  1303               	bcf	3,6	;RP1=0, select bank0
   600  0052  0863               	movf	??_Task_Saida+1,w
   601  0053  1383               	bcf	3,7	;select IRP bank0
   602  0054  0080               	movwf	0
   603  0055  0A84               	incf	4,f
   604  0056  0864               	movf	??_Task_Saida+2,w
   605  0057  0080               	movwf	0
   606                           
   607                           ;Saida.c: 85:             if ((Pino[i].valorAtual == 1)) {
   608  0058  300B               	movlw	11
   609  0059  00E2               	movwf	??_Task_Saida
   610  005A  0862               	movf	??_Task_Saida,w
   611  005B  00F3               	movwf	___bmul@multiplicand
   612  005C  0877               	movf	Task_Saida@i,w
   613  005D  21C7               	fcall	___bmul
   614  005E  3E27               	addlw	(low ((_Pino| 0+7)))& (0+255)
   615  005F  0084               	movwf	4
   616  0060  1383               	bcf	3,7	;select IRP bank0
   617  0061  0300               	decf	0,w
   618  0062  1D03               	btfss	3,2
   619  0063  2865               	goto	u141
   620  0064  2866               	goto	u140
   621  0065                     u141:
   622  0065  287D               	goto	l887
   623  0066                     u140:
   624  0066                     l883:
   625                           
   626                           ;Saida.c: 86:                 Pino[i].valorAtual = 0;
   627  0066  300B               	movlw	11
   628  0067  1283               	bcf	3,5	;RP0=0, select bank0
   629  0068  1303               	bcf	3,6	;RP1=0, select bank0
   630  0069  00E2               	movwf	??_Task_Saida
   631  006A  0862               	movf	??_Task_Saida,w
   632  006B  00F3               	movwf	___bmul@multiplicand
   633  006C  0877               	movf	Task_Saida@i,w
   634  006D  21C7               	fcall	___bmul
   635  006E  3E27               	addlw	(low ((_Pino| 0+7)))& (0+255)
   636  006F  0084               	movwf	4
   637  0070  1383               	bcf	3,7	;select IRP bank0
   638  0071  0180               	clrf	0
   639                           
   640                           ;Saida.c: 87:                 acionaSaida(&Pino[i]);
   641  0072  300B               	movlw	11
   642  0073  1283               	bcf	3,5	;RP0=0, select bank0
   643  0074  1303               	bcf	3,6	;RP1=0, select bank0
   644  0075  00E2               	movwf	??_Task_Saida
   645  0076  0862               	movf	??_Task_Saida,w
   646  0077  00F3               	movwf	___bmul@multiplicand
   647  0078  0877               	movf	Task_Saida@i,w
   648  0079  21C7               	fcall	___bmul
   649  007A  3E20               	addlw	(low (_Pino| 0))& (0+255)
   650  007B  217D               	fcall	_acionaSaida
   651                           
   652                           ;Saida.c: 88:                 continue;
   653  007C  28BF               	goto	l891
   654  007D                     l887:
   655                           
   656                           ;Saida.c: 91:                 Pino[i].valorAtual = 1;
   657  007D  300B               	movlw	11
   658  007E  1283               	bcf	3,5	;RP0=0, select bank0
   659  007F  1303               	bcf	3,6	;RP1=0, select bank0
   660  0080  00E2               	movwf	??_Task_Saida
   661  0081  0862               	movf	??_Task_Saida,w
   662  0082  00F3               	movwf	___bmul@multiplicand
   663  0083  0877               	movf	Task_Saida@i,w
   664  0084  21C7               	fcall	___bmul
   665  0085  3E27               	addlw	(low ((_Pino| 0+7)))& (0+255)
   666  0086  0084               	movwf	4
   667  0087  1383               	bcf	3,7	;select IRP bank0
   668  0088  0180               	clrf	0
   669  0089  0A80               	incf	0,f
   670                           
   671                           ;Saida.c: 92:                 acionaSaida(&Pino[i]);
   672  008A  300B               	movlw	11
   673  008B  1283               	bcf	3,5	;RP0=0, select bank0
   674  008C  1303               	bcf	3,6	;RP1=0, select bank0
   675  008D  00E2               	movwf	??_Task_Saida
   676  008E  0862               	movf	??_Task_Saida,w
   677  008F  00F3               	movwf	___bmul@multiplicand
   678  0090  0877               	movf	Task_Saida@i,w
   679  0091  21C7               	fcall	___bmul
   680  0092  3E20               	addlw	(low (_Pino| 0))& (0+255)
   681  0093  217D               	fcall	_acionaSaida
   682                           
   683                           ;Saida.c: 93:                 continue;
   684  0094  28BF               	goto	l891
   685  0095                     l889:
   686                           
   687                           ;Saida.c: 98:             Pino[i].ultimoTempo = Pino[i].ultimoTempo - 100;
   688  0095  300B               	movlw	11
   689  0096  1283               	bcf	3,5	;RP0=0, select bank0
   690  0097  1303               	bcf	3,6	;RP1=0, select bank0
   691  0098  00E2               	movwf	??_Task_Saida
   692  0099  0862               	movf	??_Task_Saida,w
   693  009A  00F3               	movwf	___bmul@multiplicand
   694  009B  0877               	movf	Task_Saida@i,w
   695  009C  21C7               	fcall	___bmul
   696  009D  3E29               	addlw	(low ((_Pino| 0+9)))& (0+255)
   697  009E  0084               	movwf	4
   698  009F  1383               	bcf	3,7	;select IRP bank0
   699  00A0  0800               	movf	0,w
   700  00A1  1283               	bcf	3,5	;RP0=0, select bank0
   701  00A2  1303               	bcf	3,6	;RP1=0, select bank0
   702  00A3  00E3               	movwf	??_Task_Saida+1
   703  00A4  0A84               	incf	4,f
   704  00A5  0800               	movf	0,w
   705  00A6  00E4               	movwf	??_Task_Saida+2
   706  00A7  0863               	movf	??_Task_Saida+1,w
   707  00A8  3E9C               	addlw	156
   708  00A9  00E5               	movwf	??_Task_Saida+3
   709  00AA  0864               	movf	??_Task_Saida+2,w
   710  00AB  1803               	skipnc
   711  00AC  3E01               	addlw	1
   712  00AD  3EFF               	addlw	255
   713  00AE  00E6               	movwf	??_Task_Saida+4
   714  00AF  300B               	movlw	11
   715  00B0  00E7               	movwf	??_Task_Saida+5
   716  00B1  0867               	movf	??_Task_Saida+5,w
   717  00B2  00F3               	movwf	___bmul@multiplicand
   718  00B3  0877               	movf	Task_Saida@i,w
   719  00B4  21C7               	fcall	___bmul
   720  00B5  3E29               	addlw	(low ((_Pino| 0+9)))& (0+255)
   721  00B6  0084               	movwf	4
   722  00B7  1283               	bcf	3,5	;RP0=0, select bank0
   723  00B8  1303               	bcf	3,6	;RP1=0, select bank0
   724  00B9  0865               	movf	??_Task_Saida+3,w
   725  00BA  1383               	bcf	3,7	;select IRP bank0
   726  00BB  0080               	movwf	0
   727  00BC  0A84               	incf	4,f
   728  00BD  0866               	movf	??_Task_Saida+4,w
   729  00BE  0080               	movwf	0
   730  00BF                     l891:	
   731                           ;Saida.c: 99:             continue;
   732                           
   733  00BF  3001               	movlw	1
   734  00C0  1283               	bcf	3,5	;RP0=0, select bank0
   735  00C1  1303               	bcf	3,6	;RP1=0, select bank0
   736  00C2  00E2               	movwf	??_Task_Saida
   737  00C3  0862               	movf	??_Task_Saida,w
   738  00C4  07F7               	addwf	Task_Saida@i,f
   739  00C5                     l893:
   740  00C5  3006               	movlw	6
   741  00C6  0277               	subwf	Task_Saida@i,w
   742  00C7  1C03               	skipc
   743  00C8  28CA               	goto	u151
   744  00C9  28CB               	goto	u150
   745  00CA                     u151:
   746  00CA  2817               	goto	l879
   747  00CB                     u150:
   748  00CB                     l895:
   749                           
   750                           ;Saida.c: 103:     PORTA = PortA_extra;
   751  00CB  087A               	movf	_PortA_extra,w
   752  00CC  0085               	movwf	5	;volatile
   753  00CD                     l86:
   754  00CD  0008               	return
   755  00CE                     __end_of_Task_Saida:
   756                           
   757                           	psect	text3
   758  017D                     __ptext3:	
   759 ;; *************** function _acionaSaida *****************
   760 ;; Defined at:
   761 ;;		line 106 in file "Saida.c"
   762 ;; Parameters:    Size  Location     Type
   763 ;;  pino            1    wreg     PTR struct .
   764 ;;		 -> Pino(66), 
   765 ;; Auto vars:     Size  Location     Type
   766 ;;  pino            1    6[COMMON] PTR struct .
   767 ;;		 -> Pino(66), 
   768 ;; Return value:  Size  Location     Type
   769 ;;                  1    wreg      void 
   770 ;; Registers used:
   771 ;;		wreg, fsr0l, fsr0h, status,2, status,0
   772 ;; Tracked objects:
   773 ;;		On entry : 0/0
   774 ;;		On exit  : 0/0
   775 ;;		Unchanged: 0/0
   776 ;; Data sizes:     COMMON   BANK0   BANK1   BANK2
   777 ;;      Params:         0       0       0       0
   778 ;;      Locals:         1       0       0       0
   779 ;;      Temps:          3       0       0       0
   780 ;;      Totals:         4       0       0       0
   781 ;;Total ram usage:        4 bytes
   782 ;; Hardware stack levels used: 1
   783 ;; Hardware stack levels required when called: 1
   784 ;; This function calls:
   785 ;;		Nothing
   786 ;; This function is called by:
   787 ;;		_Task_Saida
   788 ;; This function uses a non-reentrant model
   789 ;;
   790                           
   791                           
   792                           ;psect for function _acionaSaida
   793  017D                     _acionaSaida:
   794                           
   795                           ;incstack = 0
   796                           ; Regs used in _acionaSaida: [wreg-fsr0h+status,2+status,0]
   797                           ;acionaSaida@pino stored from wreg
   798  017D  00F6               	movwf	acionaSaida@pino
   799  017E                     l683:
   800                           
   801                           ;Saida.c: 107:     if (pino->valorAtual) {
   802  017E  0876               	movf	acionaSaida@pino,w
   803  017F  3E07               	addlw	7
   804  0180  0084               	movwf	4
   805  0181  1383               	bcf	3,7	;select IRP bank0
   806  0182  0800               	movf	0,w
   807  0183  1903               	btfsc	3,2
   808  0184  2986               	goto	u11
   809  0185  2987               	goto	u10
   810  0186                     u11:
   811  0186  299B               	goto	l687
   812  0187                     u10:
   813  0187                     l685:
   814                           
   815                           ;Saida.c: 108:         *(pino->port) |= (pino->pinMask);
   816  0187  0876               	movf	acionaSaida@pino,w
   817  0188  3E04               	addlw	4
   818  0189  0084               	movwf	4
   819  018A  0800               	movf	0,w
   820  018B  00F3               	movwf	??_acionaSaida
   821  018C  0876               	movf	acionaSaida@pino,w
   822  018D  0084               	movwf	4
   823  018E  0800               	movf	0,w
   824  018F  00F4               	movwf	??_acionaSaida+1
   825  0190  0A84               	incf	4,f
   826  0191  0800               	movf	0,w
   827  0192  00F5               	movwf	??_acionaSaida+2
   828  0193  0874               	movf	??_acionaSaida+1,w
   829  0194  0084               	movwf	4
   830  0195  1783               	bsf	3,7
   831  0196  1C75               	btfss	??_acionaSaida+2,0
   832  0197  1383               	bcf	3,7
   833  0198  0873               	movf	??_acionaSaida,w
   834  0199  0480               	iorwf	0,f
   835                           
   836                           ;Saida.c: 109:     } else {
   837  019A  29AE               	goto	l91
   838  019B                     l687:
   839                           
   840                           ;Saida.c: 110:         *(pino->port) &= ~(pino->pinMask);
   841  019B  0876               	movf	acionaSaida@pino,w
   842  019C  3E04               	addlw	4
   843  019D  0084               	movwf	4
   844  019E  0900               	comf	0,w
   845  019F  00F3               	movwf	??_acionaSaida
   846  01A0  0876               	movf	acionaSaida@pino,w
   847  01A1  0084               	movwf	4
   848  01A2  0800               	movf	0,w
   849  01A3  00F4               	movwf	??_acionaSaida+1
   850  01A4  0A84               	incf	4,f
   851  01A5  0800               	movf	0,w
   852  01A6  00F5               	movwf	??_acionaSaida+2
   853  01A7  0874               	movf	??_acionaSaida+1,w
   854  01A8  0084               	movwf	4
   855  01A9  1783               	bsf	3,7
   856  01AA  1C75               	btfss	??_acionaSaida+2,0
   857  01AB  1383               	bcf	3,7
   858  01AC  0873               	movf	??_acionaSaida,w
   859  01AD  0580               	andwf	0,f
   860  01AE                     l91:
   861  01AE  0008               	return
   862  01AF                     __end_of_acionaSaida:
   863                           
   864                           	psect	text4
   865  0212                     __ptext4:	
   866 ;; *************** function _Inicializar_Hardware *****************
   867 ;; Defined at:
   868 ;;		line 16 in file "Init.c"
   869 ;; Parameters:    Size  Location     Type
   870 ;;		None
   871 ;; Auto vars:     Size  Location     Type
   872 ;;		None
   873 ;; Return value:  Size  Location     Type
   874 ;;                  1    wreg      void 
   875 ;; Registers used:
   876 ;;		wreg, fsr0l, fsr0h, status,2, status,0, pclath, cstack
   877 ;; Tracked objects:
   878 ;;		On entry : 0/0
   879 ;;		On exit  : 0/0
   880 ;;		Unchanged: 0/0
   881 ;; Data sizes:     COMMON   BANK0   BANK1   BANK2
   882 ;;      Params:         0       0       0       0
   883 ;;      Locals:         0       0       0       0
   884 ;;      Temps:          0       0       0       0
   885 ;;      Totals:         0       0       0       0
   886 ;;Total ram usage:        0 bytes
   887 ;; Hardware stack levels used: 1
   888 ;; Hardware stack levels required when called: 3
   889 ;; This function calls:
   890 ;;		_Init_Osc
   891 ;;		_Init_Saidas
   892 ;;		_Init_Timer
   893 ;; This function is called by:
   894 ;;		_main
   895 ;; This function uses a non-reentrant model
   896 ;;
   897                           
   898                           
   899                           ;psect for function _Inicializar_Hardware
   900  0212                     _Inicializar_Hardware:
   901  0212                     l989:	
   902                           ;incstack = 0
   903                           ; Regs used in _Inicializar_Hardware: [wreg-fsr0h+status,2+status,0+pclath+cstack]
   904                           
   905                           
   906                           ;Init.c: 17:     Init_Osc();
   907  0212  21FD               	fcall	_Init_Osc
   908                           
   909                           ;Init.c: 18:     Init_Timer();
   910  0213  21EE               	fcall	_Init_Timer
   911  0214                     l991:
   912                           
   913                           ;Init.c: 19:     Init_Saidas();
   914  0214  20CE               	fcall	_Init_Saidas
   915  0215                     l993:
   916                           
   917                           ;Init.c: 21:     INTCONbits.PEIE = 1;
   918  0215  170B               	bsf	11,6	;volatile
   919  0216                     l995:
   920                           
   921                           ;Init.c: 23:     INTCONbits.GIE = 1;
   922  0216  178B               	bsf	11,7	;volatile
   923  0217                     l51:
   924  0217  0008               	return
   925  0218                     __end_of_Inicializar_Hardware:
   926                           
   927                           	psect	text5
   928  01EE                     __ptext5:	
   929 ;; *************** function _Init_Timer *****************
   930 ;; Defined at:
   931 ;;		line 32 in file "Init.c"
   932 ;; Parameters:    Size  Location     Type
   933 ;;		None
   934 ;; Auto vars:     Size  Location     Type
   935 ;;		None
   936 ;; Return value:  Size  Location     Type
   937 ;;                  1    wreg      void 
   938 ;; Registers used:
   939 ;;		wreg, status,2, status,0
   940 ;; Tracked objects:
   941 ;;		On entry : 0/0
   942 ;;		On exit  : 0/0
   943 ;;		Unchanged: 0/0
   944 ;; Data sizes:     COMMON   BANK0   BANK1   BANK2
   945 ;;      Params:         0       0       0       0
   946 ;;      Locals:         0       0       0       0
   947 ;;      Temps:          0       0       0       0
   948 ;;      Totals:         0       0       0       0
   949 ;;Total ram usage:        0 bytes
   950 ;; Hardware stack levels used: 1
   951 ;; Hardware stack levels required when called: 1
   952 ;; This function calls:
   953 ;;		Nothing
   954 ;; This function is called by:
   955 ;;		_Inicializar_Hardware
   956 ;; This function uses a non-reentrant model
   957 ;;
   958                           
   959                           
   960                           ;psect for function _Init_Timer
   961  01EE                     _Init_Timer:
   962  01EE                     l731:	
   963                           ;incstack = 0
   964                           ; Regs used in _Init_Timer: [wreg+status,2+status,0]
   965                           
   966                           
   967                           ;Init.c: 33:     OPTION_REGbits.nRBPU = 1;
   968  01EE  1683               	bsf	3,5	;RP0=1, select bank1
   969  01EF  1303               	bcf	3,6	;RP1=0, select bank1
   970  01F0  1781               	bsf	1,7	;volatile
   971                           
   972                           ;Init.c: 34:     OPTION_REGbits.T0CS = 0;
   973  01F1  1281               	bcf	1,5	;volatile
   974                           
   975                           ;Init.c: 35:     OPTION_REGbits.PSA = 0;
   976  01F2  1181               	bcf	1,3	;volatile
   977  01F3                     l733:
   978                           
   979                           ;Init.c: 36:     OPTION_REGbits.PS = 1;
   980  01F3  0801               	movf	1,w	;volatile
   981  01F4  39F8               	andlw	-8
   982  01F5  3801               	iorlw	1
   983  01F6  0081               	movwf	1	;volatile
   984  01F7                     l735:
   985                           
   986                           ;Init.c: 37:     INTCONbits.T0IE = 1;
   987  01F7  168B               	bsf	11,5	;volatile
   988  01F8                     l737:
   989                           
   990                           ;Init.c: 38:     TMR0 = 6;
   991  01F8  3006               	movlw	6
   992  01F9  1283               	bcf	3,5	;RP0=0, select bank0
   993  01FA  1303               	bcf	3,6	;RP1=0, select bank0
   994  01FB  0081               	movwf	1	;volatile
   995  01FC                     l57:
   996  01FC  0008               	return
   997  01FD                     __end_of_Init_Timer:
   998                           
   999                           	psect	text6
  1000  00CE                     __ptext6:	
  1001 ;; *************** function _Init_Saidas *****************
  1002 ;; Defined at:
  1003 ;;		line 18 in file "Saida.c"
  1004 ;; Parameters:    Size  Location     Type
  1005 ;;		None
  1006 ;; Auto vars:     Size  Location     Type
  1007 ;;  initial_valu    1    0        unsigned char 
  1008 ;;  i               1    7[COMMON] unsigned char 
  1009 ;; Return value:  Size  Location     Type
  1010 ;;                  1    wreg      void 
  1011 ;; Registers used:
  1012 ;;		wreg, fsr0l, fsr0h, status,2, status,0, pclath, cstack
  1013 ;; Tracked objects:
  1014 ;;		On entry : 0/0
  1015 ;;		On exit  : 0/0
  1016 ;;		Unchanged: 0/0
  1017 ;; Data sizes:     COMMON   BANK0   BANK1   BANK2
  1018 ;;      Params:         0       0       0       0
  1019 ;;      Locals:         1       0       0       0
  1020 ;;      Temps:          0       5       0       0
  1021 ;;      Totals:         1       5       0       0
  1022 ;;Total ram usage:        6 bytes
  1023 ;; Hardware stack levels used: 1
  1024 ;; Hardware stack levels required when called: 2
  1025 ;; This function calls:
  1026 ;;		___bmul
  1027 ;; This function is called by:
  1028 ;;		_Inicializar_Hardware
  1029 ;; This function uses a non-reentrant model
  1030 ;;
  1031                           
  1032                           
  1033                           ;psect for function _Init_Saidas
  1034  00CE                     _Init_Saidas:
  1035  00CE                     l897:	
  1036                           ;incstack = 0
  1037                           ; Regs used in _Init_Saidas: [wreg-fsr0h+status,2+status,0+pclath+cstack]
  1038                           
  1039  00CE  01F7               	clrf	Init_Saidas@i
  1040  00CF                     l899:
  1041                           
  1042                           ;Saida.c: 21:     Pino[0].port = &PortA_extra;
  1043  00CF  307A               	movlw	(low (_PortA_extra| 0))& (0+255)
  1044  00D0  1283               	bcf	3,5	;RP0=0, select bank0
  1045  00D1  1303               	bcf	3,6	;RP1=0, select bank0
  1046  00D2  00A0               	movwf	_Pino
  1047  00D3  3000               	movlw	0
  1048  00D4  00A1               	movwf	_Pino+1
  1049  00D5                     l901:
  1050                           
  1051                           ;Saida.c: 22:     Pino[0].tris = &TRISA;
  1052  00D5  3000               	movlw	0
  1053  00D6  00A3               	movwf	(low ((_Pino| 0+2))+1)
  1054  00D7  3085               	movlw	133
  1055  00D8  00A2               	movwf	low ((_Pino| 0+2))
  1056  00D9                     l903:
  1057                           
  1058                           ;Saida.c: 23:     Pino[0].pinMask = 0b00000001;
  1059  00D9  01A4               	clrf	_Pino+4
  1060  00DA  0AA4               	incf	_Pino+4,f
  1061  00DB                     l905:
  1062                           
  1063                           ;Saida.c: 24:     Pino[0].tempoTroca = 1 * 100;
  1064  00DB  3064               	movlw	100
  1065  00DC  00A5               	movwf	_Pino+5
  1066  00DD  3000               	movlw	0
  1067  00DE  00A6               	movwf	_Pino+6
  1068  00DF                     l907:
  1069                           
  1070                           ;Saida.c: 25:     Pino[0].valorAtual = initial_value;
  1071  00DF  01A7               	clrf	_Pino+7
  1072  00E0                     l909:
  1073                           
  1074                           ;Saida.c: 26:     Pino[0].valorAnterior = !initial_value;
  1075  00E0  01A8               	clrf	_Pino+8
  1076  00E1  0AA8               	incf	_Pino+8,f
  1077                           
  1078                           ;Saida.c: 27:     Pino[0].ultimoTempo = 0;
  1079  00E2  01A9               	clrf	_Pino+9
  1080  00E3  01AA               	clrf	_Pino+10
  1081  00E4                     l911:
  1082                           
  1083                           ;Saida.c: 30:     Pino[1].port = &PortA_extra;
  1084  00E4  307A               	movlw	(low (_PortA_extra| 0))& (0+255)
  1085  00E5  00AB               	movwf	low ((_Pino| 0+11))
  1086  00E6  3000               	movlw	0
  1087  00E7  00AC               	movwf	(low ((_Pino| 0+11))+1)
  1088  00E8                     l913:
  1089                           
  1090                           ;Saida.c: 31:     Pino[1].tris = &TRISA;
  1091  00E8  3000               	movlw	0
  1092  00E9  00AE               	movwf	(low ((_Pino| 0+13))+1)
  1093  00EA  3085               	movlw	133
  1094  00EB  00AD               	movwf	low ((_Pino| 0+13))
  1095  00EC                     l915:
  1096                           
  1097                           ;Saida.c: 32:     Pino[1].pinMask = 0b00000010;
  1098  00EC  3002               	movlw	2
  1099  00ED  00E2               	movwf	??_Init_Saidas
  1100  00EE  0862               	movf	??_Init_Saidas,w
  1101  00EF  00AF               	movwf	_Pino+15
  1102  00F0                     l917:
  1103                           
  1104                           ;Saida.c: 33:     Pino[1].tempoTroca = 2 * 100;
  1105  00F0  30C8               	movlw	200
  1106  00F1  00B0               	movwf	_Pino+16
  1107  00F2  3000               	movlw	0
  1108  00F3  00B1               	movwf	_Pino+17
  1109  00F4                     l919:
  1110                           
  1111                           ;Saida.c: 34:     Pino[1].valorAtual = !initial_value;
  1112  00F4  01B2               	clrf	_Pino+18
  1113  00F5  0AB2               	incf	_Pino+18,f
  1114  00F6                     l921:
  1115                           
  1116                           ;Saida.c: 35:     Pino[1].valorAnterior = initial_value;
  1117  00F6  01B3               	clrf	_Pino+19
  1118  00F7                     l923:
  1119                           
  1120                           ;Saida.c: 36:     Pino[1].ultimoTempo = 0;
  1121  00F7  01B4               	clrf	_Pino+20
  1122  00F8  01B5               	clrf	_Pino+21
  1123  00F9                     l925:
  1124                           
  1125                           ;Saida.c: 39:     Pino[2].port = &PortA_extra;
  1126  00F9  307A               	movlw	(low (_PortA_extra| 0))& (0+255)
  1127  00FA  00B6               	movwf	low ((_Pino| 0+22))
  1128  00FB  3000               	movlw	0
  1129  00FC  00B7               	movwf	(low ((_Pino| 0+22))+1)
  1130  00FD                     l927:
  1131                           
  1132                           ;Saida.c: 40:     Pino[2].tris = &TRISA;
  1133  00FD  3000               	movlw	0
  1134  00FE  00B9               	movwf	(low ((_Pino| 0+24))+1)
  1135  00FF  3085               	movlw	133
  1136  0100  00B8               	movwf	low ((_Pino| 0+24))
  1137  0101                     l929:
  1138                           
  1139                           ;Saida.c: 41:     Pino[2].pinMask = 0b00000100;
  1140  0101  3004               	movlw	4
  1141  0102  00E2               	movwf	??_Init_Saidas
  1142  0103  0862               	movf	??_Init_Saidas,w
  1143  0104  00BA               	movwf	_Pino+26
  1144  0105                     l931:
  1145                           
  1146                           ;Saida.c: 42:     Pino[2].tempoTroca = 1 * 100;
  1147  0105  3064               	movlw	100
  1148  0106  00BB               	movwf	_Pino+27
  1149  0107  3000               	movlw	0
  1150  0108  00BC               	movwf	_Pino+28
  1151  0109                     l933:
  1152                           
  1153                           ;Saida.c: 43:     Pino[2].valorAtual = initial_value;
  1154  0109  01BD               	clrf	_Pino+29
  1155                           
  1156                           ;Saida.c: 44:     Pino[2].valorAnterior = !initial_value;
  1157  010A  01BE               	clrf	_Pino+30
  1158  010B  0ABE               	incf	_Pino+30,f
  1159  010C                     l935:
  1160                           
  1161                           ;Saida.c: 45:     Pino[2].ultimoTempo = 0;
  1162  010C  01BF               	clrf	_Pino+31
  1163  010D  01C0               	clrf	_Pino+32
  1164  010E                     l937:
  1165                           
  1166                           ;Saida.c: 48:     Pino[3].port = &PortA_extra;
  1167  010E  307A               	movlw	(low (_PortA_extra| 0))& (0+255)
  1168  010F  00C1               	movwf	low ((_Pino| 0+33))
  1169  0110  3000               	movlw	0
  1170  0111  00C2               	movwf	(low ((_Pino| 0+33))+1)
  1171  0112                     l939:
  1172                           
  1173                           ;Saida.c: 49:     Pino[3].tris = &TRISA;
  1174  0112  3000               	movlw	0
  1175  0113  00C4               	movwf	(low ((_Pino| 0+35))+1)
  1176  0114  3085               	movlw	133
  1177  0115  00C3               	movwf	low ((_Pino| 0+35))
  1178  0116                     l941:
  1179                           
  1180                           ;Saida.c: 50:     Pino[3].pinMask = 0b00010000;
  1181  0116  3010               	movlw	16
  1182  0117  00E2               	movwf	??_Init_Saidas
  1183  0118  0862               	movf	??_Init_Saidas,w
  1184  0119  00C5               	movwf	_Pino+37
  1185  011A                     l943:
  1186                           
  1187                           ;Saida.c: 51:     Pino[3].tempoTroca = 2 * 100;
  1188  011A  30C8               	movlw	200
  1189  011B  00C6               	movwf	_Pino+38
  1190  011C  3000               	movlw	0
  1191  011D  00C7               	movwf	_Pino+39
  1192  011E                     l945:
  1193                           
  1194                           ;Saida.c: 52:     Pino[3].valorAtual = initial_value;
  1195  011E  01C8               	clrf	_Pino+40
  1196  011F                     l947:
  1197                           
  1198                           ;Saida.c: 53:     Pino[3].valorAnterior = !initial_value;
  1199  011F  01C9               	clrf	_Pino+41
  1200  0120  0AC9               	incf	_Pino+41,f
  1201  0121                     l949:
  1202                           
  1203                           ;Saida.c: 54:     Pino[3].ultimoTempo = 0;
  1204  0121  01CA               	clrf	_Pino+42
  1205  0122  01CB               	clrf	_Pino+43
  1206  0123                     l951:
  1207                           
  1208                           ;Saida.c: 57:     Pino[4].port = &PortA_extra;
  1209  0123  307A               	movlw	(low (_PortA_extra| 0))& (0+255)
  1210  0124  00CC               	movwf	low ((_Pino| 0+44))
  1211  0125  3000               	movlw	0
  1212  0126  00CD               	movwf	(low ((_Pino| 0+44))+1)
  1213  0127                     l953:
  1214                           
  1215                           ;Saida.c: 58:     Pino[4].tris = &TRISA;
  1216  0127  3000               	movlw	0
  1217  0128  00CF               	movwf	(low ((_Pino| 0+46))+1)
  1218  0129  3085               	movlw	133
  1219  012A  00CE               	movwf	low ((_Pino| 0+46))
  1220                           
  1221                           ;Saida.c: 59:     Pino[4].pinMask = 0b01000000;
  1222  012B  3040               	movlw	64
  1223  012C  00E2               	movwf	??_Init_Saidas
  1224  012D  0862               	movf	??_Init_Saidas,w
  1225  012E  00D0               	movwf	_Pino+48
  1226                           
  1227                           ;Saida.c: 60:     Pino[4].tempoTroca = 1 * 100;
  1228  012F  3064               	movlw	100
  1229  0130  00D1               	movwf	_Pino+49
  1230  0131  3000               	movlw	0
  1231  0132  00D2               	movwf	_Pino+50
  1232  0133                     l955:
  1233                           
  1234                           ;Saida.c: 61:     Pino[4].valorAtual = !initial_value;
  1235  0133  01D3               	clrf	_Pino+51
  1236  0134  0AD3               	incf	_Pino+51,f
  1237  0135                     l957:
  1238                           
  1239                           ;Saida.c: 62:     Pino[4].valorAnterior = initial_value;
  1240  0135  01D4               	clrf	_Pino+52
  1241  0136                     l959:
  1242                           
  1243                           ;Saida.c: 63:     Pino[4].ultimoTempo = 0;
  1244  0136  01D5               	clrf	_Pino+53
  1245  0137  01D6               	clrf	_Pino+54
  1246  0138                     l961:
  1247                           
  1248                           ;Saida.c: 66:     Pino[5].port = &PORTB;
  1249  0138  3000               	movlw	0
  1250  0139  00D8               	movwf	(low ((_Pino| 0+55))+1)
  1251  013A  3006               	movlw	6
  1252  013B  00D7               	movwf	low ((_Pino| 0+55))
  1253  013C                     l963:
  1254                           
  1255                           ;Saida.c: 67:     Pino[5].tris = &TRISB;
  1256  013C  3000               	movlw	0
  1257  013D  00DA               	movwf	(low ((_Pino| 0+57))+1)
  1258  013E  3086               	movlw	134
  1259  013F  00D9               	movwf	low ((_Pino| 0+57))
  1260  0140                     l965:
  1261                           
  1262                           ;Saida.c: 68:     Pino[5].pinMask = 0b00010000;
  1263  0140  3010               	movlw	16
  1264  0141  00E2               	movwf	??_Init_Saidas
  1265  0142  0862               	movf	??_Init_Saidas,w
  1266  0143  00DB               	movwf	_Pino+59
  1267  0144                     l967:
  1268                           
  1269                           ;Saida.c: 69:     Pino[5].tempoTroca = 5 * 100;
  1270  0144  30F4               	movlw	244
  1271  0145  00DC               	movwf	_Pino+60
  1272  0146  3001               	movlw	1
  1273  0147  00DD               	movwf	_Pino+61
  1274  0148                     l969:
  1275                           
  1276                           ;Saida.c: 70:     Pino[5].valorAtual = initial_value;
  1277  0148  01DE               	clrf	_Pino+62
  1278  0149                     l971:
  1279                           
  1280                           ;Saida.c: 71:     Pino[5].valorAnterior = !initial_value;
  1281  0149  01DF               	clrf	_Pino+63
  1282  014A  0ADF               	incf	_Pino+63,f
  1283  014B                     l973:
  1284                           
  1285                           ;Saida.c: 72:     Pino[5].ultimoTempo = 0;
  1286  014B  01E0               	clrf	_Pino+64
  1287  014C  01E1               	clrf	_Pino+65
  1288  014D                     l975:
  1289                           
  1290                           ;Saida.c: 75:     for (i = 0; i < 6; i++) {
  1291  014D  01F7               	clrf	Init_Saidas@i
  1292  014E                     l981:
  1293                           
  1294                           ;Saida.c: 76:         *(Pino[i].tris) &= ~(Pino[i].pinMask);
  1295  014E  300B               	movlw	11
  1296  014F  00E2               	movwf	??_Init_Saidas
  1297  0150  0862               	movf	??_Init_Saidas,w
  1298  0151  00F3               	movwf	___bmul@multiplicand
  1299  0152  0877               	movf	Init_Saidas@i,w
  1300  0153  21C7               	fcall	___bmul
  1301  0154  3E24               	addlw	(low ((_Pino| 0+4)))& (0+255)
  1302  0155  0084               	movwf	4
  1303  0156  1383               	bcf	3,7	;select IRP bank0
  1304  0157  0900               	comf	0,w
  1305  0158  1283               	bcf	3,5	;RP0=0, select bank0
  1306  0159  1303               	bcf	3,6	;RP1=0, select bank0
  1307  015A  00E3               	movwf	??_Init_Saidas+1
  1308  015B  300B               	movlw	11
  1309  015C  00E4               	movwf	??_Init_Saidas+2
  1310  015D  0864               	movf	??_Init_Saidas+2,w
  1311  015E  00F3               	movwf	___bmul@multiplicand
  1312  015F  0877               	movf	Init_Saidas@i,w
  1313  0160  21C7               	fcall	___bmul
  1314  0161  3E22               	addlw	(low ((_Pino| 0+2)))& (0+255)
  1315  0162  0084               	movwf	4
  1316  0163  1383               	bcf	3,7	;select IRP bank0
  1317  0164  0800               	movf	0,w
  1318  0165  1283               	bcf	3,5	;RP0=0, select bank0
  1319  0166  1303               	bcf	3,6	;RP1=0, select bank0
  1320  0167  00E5               	movwf	??_Init_Saidas+3
  1321  0168  0A84               	incf	4,f
  1322  0169  0800               	movf	0,w
  1323  016A  00E6               	movwf	??_Init_Saidas+4
  1324  016B  0865               	movf	??_Init_Saidas+3,w
  1325  016C  0084               	movwf	4
  1326  016D  1783               	bsf	3,7
  1327  016E  1C66               	btfss	??_Init_Saidas+4,0
  1328  016F  1383               	bcf	3,7
  1329  0170  0863               	movf	??_Init_Saidas+1,w
  1330  0171  0580               	andwf	0,f
  1331  0172                     l983:
  1332                           
  1333                           ;Saida.c: 77:     }
  1334  0172  3001               	movlw	1
  1335  0173  00E2               	movwf	??_Init_Saidas
  1336  0174  0862               	movf	??_Init_Saidas,w
  1337  0175  07F7               	addwf	Init_Saidas@i,f
  1338  0176                     l985:
  1339  0176  3006               	movlw	6
  1340  0177  0277               	subwf	Init_Saidas@i,w
  1341  0178  1C03               	skipc
  1342  0179  297B               	goto	u161
  1343  017A  297C               	goto	u160
  1344  017B                     u161:
  1345  017B  294E               	goto	l981
  1346  017C                     u160:
  1347  017C                     l76:
  1348  017C  0008               	return
  1349  017D                     __end_of_Init_Saidas:
  1350                           
  1351                           	psect	text7
  1352  01C7                     __ptext7:	
  1353 ;; *************** function ___bmul *****************
  1354 ;; Defined at:
  1355 ;;		line 4 in file "C:\Program Files\Microchip\xc8\v2.32\pic\sources\c90\common\Umul8.c"
  1356 ;; Parameters:    Size  Location     Type
  1357 ;;  multiplier      1    wreg     unsigned char 
  1358 ;;  multiplicand    1    3[COMMON] unsigned char 
  1359 ;; Auto vars:     Size  Location     Type
  1360 ;;  multiplier      1    6[COMMON] unsigned char 
  1361 ;;  product         1    5[COMMON] unsigned char 
  1362 ;; Return value:  Size  Location     Type
  1363 ;;                  1    wreg      unsigned char 
  1364 ;; Registers used:
  1365 ;;		wreg, status,2, status,0
  1366 ;; Tracked objects:
  1367 ;;		On entry : 0/0
  1368 ;;		On exit  : 0/0
  1369 ;;		Unchanged: 0/0
  1370 ;; Data sizes:     COMMON   BANK0   BANK1   BANK2
  1371 ;;      Params:         1       0       0       0
  1372 ;;      Locals:         2       0       0       0
  1373 ;;      Temps:          1       0       0       0
  1374 ;;      Totals:         4       0       0       0
  1375 ;;Total ram usage:        4 bytes
  1376 ;; Hardware stack levels used: 1
  1377 ;; Hardware stack levels required when called: 1
  1378 ;; This function calls:
  1379 ;;		Nothing
  1380 ;; This function is called by:
  1381 ;;		_Init_Saidas
  1382 ;;		_Task_Saida
  1383 ;; This function uses a non-reentrant model
  1384 ;;
  1385                           
  1386                           
  1387                           ;psect for function ___bmul
  1388  01C7                     ___bmul:
  1389                           
  1390                           ;incstack = 0
  1391                           ; Regs used in ___bmul: [wreg+status,2+status,0]
  1392                           ;___bmul@multiplier stored from wreg
  1393  01C7  00F6               	movwf	___bmul@multiplier
  1394  01C8                     l859:
  1395  01C8  01F5               	clrf	___bmul@product
  1396  01C9                     l861:
  1397  01C9  1C76               	btfss	___bmul@multiplier,0
  1398  01CA  29CC               	goto	u111
  1399  01CB  29CD               	goto	u110
  1400  01CC                     u111:
  1401  01CC  29D1               	goto	l865
  1402  01CD                     u110:
  1403  01CD                     l863:
  1404  01CD  0873               	movf	___bmul@multiplicand,w
  1405  01CE  00F4               	movwf	??___bmul
  1406  01CF  0874               	movf	??___bmul,w
  1407  01D0  07F5               	addwf	___bmul@product,f
  1408  01D1                     l865:
  1409  01D1  1003               	clrc
  1410  01D2  0DF3               	rlf	___bmul@multiplicand,f
  1411  01D3                     l867:
  1412  01D3  1003               	clrc
  1413  01D4  0CF6               	rrf	___bmul@multiplier,f
  1414  01D5  0876               	movf	___bmul@multiplier,w
  1415  01D6  1D03               	btfss	3,2
  1416  01D7  29D9               	goto	u121
  1417  01D8  29DA               	goto	u120
  1418  01D9                     u121:
  1419  01D9  29C9               	goto	l861
  1420  01DA                     u120:
  1421  01DA                     l869:
  1422  01DA  0875               	movf	___bmul@product,w
  1423  01DB                     l203:
  1424  01DB  0008               	return
  1425  01DC                     __end_of___bmul:
  1426                           
  1427                           	psect	text8
  1428  01FD                     __ptext8:	
  1429 ;; *************** function _Init_Osc *****************
  1430 ;; Defined at:
  1431 ;;		line 26 in file "Init.c"
  1432 ;; Parameters:    Size  Location     Type
  1433 ;;		None
  1434 ;; Auto vars:     Size  Location     Type
  1435 ;;		None
  1436 ;; Return value:  Size  Location     Type
  1437 ;;                  1    wreg      void 
  1438 ;; Registers used:
  1439 ;;		wreg
  1440 ;; Tracked objects:
  1441 ;;		On entry : 0/0
  1442 ;;		On exit  : 0/0
  1443 ;;		Unchanged: 0/0
  1444 ;; Data sizes:     COMMON   BANK0   BANK1   BANK2
  1445 ;;      Params:         0       0       0       0
  1446 ;;      Locals:         0       0       0       0
  1447 ;;      Temps:          2       0       0       0
  1448 ;;      Totals:         2       0       0       0
  1449 ;;Total ram usage:        2 bytes
  1450 ;; Hardware stack levels used: 1
  1451 ;; Hardware stack levels required when called: 1
  1452 ;; This function calls:
  1453 ;;		Nothing
  1454 ;; This function is called by:
  1455 ;;		_Inicializar_Hardware
  1456 ;; This function uses a non-reentrant model
  1457 ;;
  1458                           
  1459                           
  1460                           ;psect for function _Init_Osc
  1461  01FD                     _Init_Osc:
  1462  01FD                     l727:	
  1463                           ;incstack = 0
  1464                           ; Regs used in _Init_Osc: [wreg]
  1465                           
  1466                           
  1467                           ;Init.c: 28:     PCONbits.OSCF = 1;
  1468  01FD  1683               	bsf	3,5	;RP0=1, select bank1
  1469  01FE  1303               	bcf	3,6	;RP1=0, select bank1
  1470  01FF  158E               	bsf	14,3	;volatile
  1471  0200                     l729:
  1472                           
  1473                           ;Init.c: 29:     _delay((unsigned long)((10)*(4000000/4000.0)));
  1474  0200  300D               	movlw	13
  1475  0201  00F4               	movwf	??_Init_Osc+1
  1476  0202  30FB               	movlw	251
  1477  0203  00F3               	movwf	??_Init_Osc
  1478  0204                     u207:
  1479  0204  0BF3               	decfsz	??_Init_Osc,f
  1480  0205  2A04               	goto	u207
  1481  0206  0BF4               	decfsz	??_Init_Osc+1,f
  1482  0207  2A04               	goto	u207
  1483  0208  2A09               	nop2
  1484  0209                     l54:
  1485  0209  0008               	return
  1486  020A                     __end_of_Init_Osc:
  1487                           
  1488                           	psect	text9
  1489  01AF                     __ptext9:	
  1490 ;; *************** function _interruptsManager *****************
  1491 ;; Defined at:
  1492 ;;		line 14 in file "main.c"
  1493 ;; Parameters:    Size  Location     Type
  1494 ;;		None
  1495 ;; Auto vars:     Size  Location     Type
  1496 ;;		None
  1497 ;; Return value:  Size  Location     Type
  1498 ;;                  1    wreg      void 
  1499 ;; Registers used:
  1500 ;;		wreg, status,2, status,0
  1501 ;; Tracked objects:
  1502 ;;		On entry : 0/0
  1503 ;;		On exit  : 0/0
  1504 ;;		Unchanged: 0/0
  1505 ;; Data sizes:     COMMON   BANK0   BANK1   BANK2
  1506 ;;      Params:         0       0       0       0
  1507 ;;      Locals:         0       0       0       0
  1508 ;;      Temps:          3       0       0       0
  1509 ;;      Totals:         3       0       0       0
  1510 ;;Total ram usage:        3 bytes
  1511 ;; Hardware stack levels used: 1
  1512 ;; This function calls:
  1513 ;;		Nothing
  1514 ;; This function is called by:
  1515 ;;		Interrupt level 1
  1516 ;; This function uses a non-reentrant model
  1517 ;;
  1518                           
  1519                           
  1520                           ;psect for function _interruptsManager
  1521  01AF                     _interruptsManager:
  1522  01AF                     i1l839:
  1523                           
  1524                           ;main.c: 16:     if (INTCONbits.T0IE && INTCONbits.T0IF) {
  1525  01AF  1E8B               	btfss	11,5	;volatile
  1526  01B0  29B2               	goto	u8_21
  1527  01B1  29B3               	goto	u8_20
  1528  01B2                     u8_21:
  1529  01B2  29C0               	goto	i1l20
  1530  01B3                     u8_20:
  1531  01B3                     i1l841:
  1532  01B3  1D0B               	btfss	11,2	;volatile
  1533  01B4  29B6               	goto	u9_21
  1534  01B5  29B7               	goto	u9_20
  1535  01B6                     u9_21:
  1536  01B6  29C0               	goto	i1l20
  1537  01B7                     u9_20:
  1538  01B7                     i1l843:
  1539                           
  1540                           ;main.c: 17:         TMR0 = 6;
  1541  01B7  3006               	movlw	6
  1542  01B8  1283               	bcf	3,5	;RP0=0, select bank0
  1543  01B9  1303               	bcf	3,6	;RP1=0, select bank0
  1544  01BA  0081               	movwf	1	;volatile
  1545  01BB                     i1l845:
  1546                           
  1547                           ;main.c: 18:         INTCONbits.T0IF = 0;
  1548  01BB  110B               	bcf	11,2	;volatile
  1549  01BC                     i1l847:
  1550                           
  1551                           ;main.c: 19:         counter_100ms++;
  1552  01BC  3001               	movlw	1
  1553  01BD  00F0               	movwf	??_interruptsManager
  1554  01BE  0870               	movf	??_interruptsManager,w
  1555  01BF  07F9               	addwf	_counter_100ms,f
  1556  01C0                     i1l20:
  1557  01C0  0872               	movf	??_interruptsManager+2,w
  1558  01C1  008A               	movwf	10
  1559  01C2  0E71               	swapf	??_interruptsManager+1,w
  1560  01C3  0083               	movwf	3
  1561  01C4  0EFE               	swapf	btemp,f
  1562  01C5  0E7E               	swapf	btemp,w
  1563  01C6  0009               	retfie
  1564  01C7                     __end_of_interruptsManager:
  1565  007E                     btemp	set	126	;btemp
  1566  007E                     wtemp0	set	126
  1567                           
  1568                           	psect	intentry
  1569  0004                     __pintentry:	
  1570                           ;incstack = 0
  1571                           ; Regs used in _interruptsManager: [wreg+status,2+status,0]
  1572                           
  1573  0004                     interrupt_function:
  1574  007E                     saved_w	set	btemp
  1575  0004  00FE               	movwf	btemp
  1576  0005  0E03               	swapf	3,w
  1577  0006  00F1               	movwf	??_interruptsManager+1
  1578  0007  080A               	movf	10,w
  1579  0008  00F2               	movwf	??_interruptsManager+2
  1580  0009  29AF               	ljmp	_interruptsManager
  1581                           
  1582                           	psect	config
  1583                           
  1584                           ;Config register CONFIG @ 0x2007
  1585                           ;	Oscillator Selection bits
  1586                           ;	FOSC = INTOSCIO, INTOSC oscillator: I/O function on RA6/OSC2/CLKOUT pin, I/O function 
      +                          on RA7/OSC1/CLKIN
  1587                           ;	Watchdog Timer Enable bit
  1588                           ;	WDTE = OFF, WDT disabled
  1589                           ;	Power-up Timer Enable bit
  1590                           ;	PWRTE = OFF, PWRT disabled
  1591                           ;	RA5/MCLR/VPP Pin Function Select bit
  1592                           ;	MCLRE = ON, RA5/MCLR/VPP pin function is MCLR
  1593                           ;	Brown-out Detect Enable bit
  1594                           ;	BOREN = OFF, BOD disabled
  1595                           ;	Low-Voltage Programming Enable bit
  1596                           ;	LVP = OFF, RB4/PGM pin has digital I/O function, HV on MCLR must be used for programmi
      +                          ng
  1597                           ;	Data EE Memory Code Protection bit
  1598                           ;	CPD = OFF, Data memory code protection off
  1599                           ;	Flash Program Memory Code Protection bit
  1600                           ;	CP = OFF, Code protection off
  1601  2007                     	org	8199
  1602  2007  3F38               	dw	16184

Data Sizes:
    Strings     0
    Constant    0
    Data        0
    BSS         69
    Persistent  0
    Stack       0

Auto Spaces:
    Space          Size  Autos    Used
    COMMON           14      8      11
    BANK0            80      7      73
    BANK1            80      0       0
    BANK2            48      0       0

Pointer List with Targets:

    acionaSaida@pino.tris	PTR volatile unsigned char  size(2) Largest target is 1
		 -> TRISB(SFR1[1]), TRISA(SFR1[1]), 

    acionaSaida@pino.port	PTR volatile unsigned char  size(2) Largest target is 1
		 -> PORTB(SFR0[1]), PortA_extra(COMMON[1]), 

    acionaSaida@pino	PTR struct . size(1) Largest target is 66
		 -> Pino(BANK0[66]), 

    S191$tris	PTR volatile unsigned char  size(2) Largest target is 1
		 -> TRISB(SFR1[1]), TRISA(SFR1[1]), 

    Pino.tris	PTR volatile unsigned char  size(2) Largest target is 1
		 -> TRISB(SFR1[1]), TRISA(SFR1[1]), 

    S191$port	PTR volatile unsigned char  size(2) Largest target is 1
		 -> PORTB(SFR0[1]), PortA_extra(COMMON[1]), 

    Pino.port	PTR volatile unsigned char  size(2) Largest target is 1
		 -> PORTB(SFR0[1]), PortA_extra(COMMON[1]), 


Critical Paths under _main in COMMON

    _tempo100_ms->_Task_Saida
    _Task_Saida->___bmul
    _Task_Saida->_acionaSaida
    _Inicializar_Hardware->_Init_Saidas
    _Init_Saidas->___bmul

Critical Paths under _interruptsManager in COMMON

    None.

Critical Paths under _main in BANK0

    _tempo100_ms->_Task_Saida
    _Inicializar_Hardware->_Init_Saidas

Critical Paths under _interruptsManager in BANK0

    None.

Critical Paths under _main in BANK1

    None.

Critical Paths under _interruptsManager in BANK1

    None.

Critical Paths under _main in BANK2

    None.

Critical Paths under _interruptsManager in BANK2

    None.

Call Graph Tables:

 ---------------------------------------------------------------------------------
 (Depth) Function   	        Calls       Base Space   Used Autos Params    Refs
 ---------------------------------------------------------------------------------
 (0) _main                                                 1     1      0    1566
                                              6 BANK0      1     1      0
               _Inicializar_Hardware
                        _tempo100_ms
 ---------------------------------------------------------------------------------
 (1) _tempo100_ms                                          0     0      0     806
                         _Task_Saida
 ---------------------------------------------------------------------------------
 (2) _Task_Saida                                           7     7      0     806
                                              7 COMMON     1     1      0
                                              0 BANK0      6     6      0
                             ___bmul
                        _acionaSaida
 ---------------------------------------------------------------------------------
 (3) _acionaSaida                                          4     4      0     135
                                              3 COMMON     4     4      0
 ---------------------------------------------------------------------------------
 (1) _Inicializar_Hardware                                 0     0      0     760
                           _Init_Osc
                        _Init_Saidas
                         _Init_Timer
 ---------------------------------------------------------------------------------
 (2) _Init_Timer                                           0     0      0       0
 ---------------------------------------------------------------------------------
 (2) _Init_Saidas                                          7     7      0     760
                                              7 COMMON     1     1      0
                                              0 BANK0      5     5      0
                             ___bmul
 ---------------------------------------------------------------------------------
 (3) ___bmul                                               4     3      1     404
                                              3 COMMON     4     3      1
 ---------------------------------------------------------------------------------
 (2) _Init_Osc                                             2     2      0       0
                                              3 COMMON     2     2      0
 ---------------------------------------------------------------------------------
 Estimated maximum stack depth 3
 ---------------------------------------------------------------------------------
 (Depth) Function   	        Calls       Base Space   Used Autos Params    Refs
 ---------------------------------------------------------------------------------
 (4) _interruptsManager                                    3     3      0       0
                                              0 COMMON     3     3      0
 ---------------------------------------------------------------------------------
 Estimated maximum stack depth 4
 ---------------------------------------------------------------------------------

 Call Graph Graphs:

 _main (ROOT)
   _Inicializar_Hardware
     _Init_Osc
     _Init_Saidas
       ___bmul
     _Init_Timer
   _tempo100_ms
     _Task_Saida
       ___bmul
       _acionaSaida

 _interruptsManager (ROOT)

 Address spaces:
Name               Size   Autos  Total    Cost      Usage
BITCOMMON            E      0       0       0        0.0%
EEDATA              80      0       0       0        0.0%
NULL                 0      0       0       0        0.0%
CODE                 0      0       0       0        0.0%
COMMON               E      8       B       1       78.6%
BITSFR0              0      0       0       1        0.0%
SFR0                 0      0       0       1        0.0%
BITSFR1              0      0       0       2        0.0%
SFR1                 0      0       0       2        0.0%
STACK                0      0       0       2        0.0%
BANK0               50      7      49       3       91.2%
BITSFR3              0      0       0       4        0.0%
SFR3                 0      0       0       4        0.0%
ABS                  0      0      54       4        0.0%
BITBANK0            50      0       0       5        0.0%
BITSFR2              0      0       0       5        0.0%
SFR2                 0      0       0       5        0.0%
BITBANK1            50      0       0       6        0.0%
BANK1               50      0       0       7        0.0%
BITBANK2            30      0       0       8        0.0%
BANK2               30      0       0       9        0.0%
DATA                 0      0      54      10        0.0%


Microchip Technology PIC Macro Assembler V2.32 build 20210201212658 
Symbol Table                                                                                   Tue Oct 17 17:35:03 2023

               ___bmul@product 0075                             l23 0219                             l51 0217  
                           l54 0209                             l57 01FC                             l91 01AE  
                           l76 017C                             l86 00CD                             u10 0187  
                           u11 0186                             fsr 0004                            l203 01DB  
                          l731 01EE                            l901 00D5                            l733 01F3  
                          l727 01FD                            l911 00E4                            l903 00D9  
                          l735 01F7                            l729 0200                            l921 00F6  
                          l913 00E8                            l905 00DB                            l737 01F8  
                          l931 0105                            l923 00F7                            l915 00EC  
                          l907 00DF                            l683 017E                            l861 01C9  
                          l941 0116                            l933 0109                            l925 00F9  
                          l917 00F0                            l909 00E0                            l685 0187  
                          l863 01CD                            l951 0123                            l943 011A  
                          l935 010C                            l927 00FD                            l919 00F4  
                          l687 019B                            l865 01D1                            l961 0138  
                          l953 0127                            l945 011E                            l937 010E  
                          l929 0101                            l881 0036                            l873 0015  
                          l867 01D3                            l859 01C8                            l971 0149  
                          l963 013C                            l955 0133                            l947 011F  
                          l939 0112                            l891 00BF                            l883 0066  
                          l869 01DA                            l981 014E                            l973 014B  
                          l965 0140                            l957 0135                            l949 0121  
                          l893 00C5                            l983 0172                            l975 014D  
                          l967 0144                            l959 0136                            l991 0214  
                          l895 00CB                            l887 007D                            l879 0017  
                          l985 0176                            l969 0148                            l897 00CE  
                          l993 0215                            l889 0095                            l899 00CF  
                          l995 0216                            l987 0218                            l989 0212  
                          u110 01CD                            u111 01CC                            u120 01DA  
                          u121 01D9                            u130 0036                            u131 0035  
                          u140 0066                            u141 0065                            u150 00CB  
                          u207 0204                            u151 00CA                            u135 0032  
                          u160 017C                            u161 017B                            u180 01EA  
                          u181 01E9                            u197 01E1                            fsr0 0004  
                          indf 0000                           l1011 01E4                           l1013 01EA  
                         l1015 01EB                           l1007 01DC                           l1009 01DD  
                         i1l20 01C0                           _TMR0 0001                           u8_20 01B3  
                         u8_21 01B2                           u9_20 01B7                           u9_21 01B6  
                         _Pino 0020                           _main 01DC                           _muda 0078  
                         btemp 007E                           start 000A   __end_of_Inicializar_Hardware 0218  
            ___bmul@multiplier 0076           __size_of_acionaSaida 0032                  ??_Init_Saidas 0062  
                        ?_main 0070                          i1l841 01B3                          i1l843 01B7  
                        i1l845 01BB                          i1l847 01BC                          i1l839 01AF  
                        _PORTA 0005                          _PORTB 0006                          _TRISA 0085  
                        _TRISB 0086                          pclath 000A                          status 0003  
                        wtemp0 007E                __initialization 000B                     _Init_Timer 01EE  
                 __end_of_main 01EE                  _counter_100ms 0079               __end_of_Init_Osc 020A  
          __end_of_Init_Saidas 017D                         ??_main 0068                   ?_tempo100_ms 0070  
                   _Task_Saida 0015                         ___bmul 01C7                   Init_Saidas@i 0077  
                       saved_w 007E           _Inicializar_Hardware 0212        __end_of__initialization 0013  
          ___bmul@multiplicand 0073                 __pcstackCOMMON 0070                    ?_Init_Timer 0070  
                  _Init_Saidas 00CE                 _OPTION_REGbits 0081          ?_Inicializar_Hardware 0070  
                  Task_Saida@i 0077                     __pbssBANK0 0020                      ?_Init_Osc 0070  
                  ?_Task_Saida 0070                     __pmaintext 01DC                        ?___bmul 0073  
                   __pintentry 0004            __size_of_Init_Timer 000F                     ??_Init_Osc 0073  
         __size_of_tempo100_ms 0002                  ??_acionaSaida 0073                __size_of___bmul 0015  
                  _PortA_extra 007A                        __ptext1 0218                        __ptext2 0015  
                      __ptext3 017D                        __ptext4 0212                        __ptext5 01EE  
                      __ptext6 00CE                        __ptext7 01C7                        __ptext8 01FD  
                      __ptext9 01AF            __size_of_Task_Saida 00B9         ??_Inicializar_Hardware 0078  
                      clrloop0 020B           end_of_initialization 0013            __end_of_acionaSaida 01AF  
                 ??_Init_Timer 0073                   ?_Init_Saidas 0070                 __end_of___bmul 01DC  
          start_initialization 000B             __end_of_Init_Timer 01FD                   ??_Task_Saida 0062  
                  _acionaSaida 017D              __size_of_Init_Osc 000D                       ??___bmul 0074  
           __end_of_Task_Saida 00CE                    __pbssCOMMON 0078                      ___latbits 0000  
                __pcstackBANK0 0062              _interruptsManager 01AF                  ??_tempo100_ms 0078  
           ?_interruptsManager 0070              interrupt_function 0004                      clear_ram0 020A  
          ??_interruptsManager 0070                       _PCONbits 008E           __size_of_Init_Saidas 00AF  
    __end_of_interruptsManager 01C7  __size_of_Inicializar_Hardware 0006                       _Init_Osc 01FD  
          __end_of_tempo100_ms 021A                  __size_of_main 0012                   ?_acionaSaida 0070  
   __size_of_interruptsManager 0018                     _INTCONbits 000B                    _tempo100_ms 0218  
                     intlevel1 0000                acionaSaida@pino 0076  
